<?xml version="1.0" encoding="UTF-8" ?>
<testsuite tests="3" failures="0" name="hellocucumber.RunCucumberTest" time="0.012" errors="0" skipped="3">
  <properties>
    <property name="java.runtime.name" value="Java(TM) SE Runtime Environment"/>
    <property name="sun.boot.library.path" value="C:\Program Files\Java\jdk1.8.0_151\jre\bin"/>
    <property name="java.vm.version" value="25.151-b12"/>
    <property name="java.vm.vendor" value="Oracle Corporation"/>
    <property name="maven.multiModuleProjectDirectory" value="C:/Users/Denis/Documents/DHBW/3. Semester/Software Engineering/ePortfolio/hellocucumber"/>
    <property name="java.vendor.url" value="http://java.oracle.com/"/>
    <property name="path.separator" value=";"/>
    <property name="guice.disable.misplaced.annotation.check" value="true"/>
    <property name="java.vm.name" value="Java HotSpot(TM) 64-Bit Server VM"/>
    <property name="file.encoding.pkg" value="sun.io"/>
    <property name="user.script" value=""/>
    <property name="user.country" value="DE"/>
    <property name="sun.java.launcher" value="SUN_STANDARD"/>
    <property name="sun.os.patch.level" value=""/>
    <property name="java.vm.specification.name" value="Java Virtual Machine Specification"/>
    <property name="user.dir" value="C:\Users\Denis\Documents\DHBW\3. Semester\Software Engineering\ePortfolio\hellocucumber"/>
    <property name="java.runtime.version" value="1.8.0_151-b12"/>
    <property name="java.awt.graphicsenv" value="sun.awt.Win32GraphicsEnvironment"/>
    <property name="java.endorsed.dirs" value="C:\Program Files\Java\jdk1.8.0_151\jre\lib\endorsed"/>
    <property name="os.arch" value="amd64"/>
    <property name="java.io.tmpdir" value="C:\Users\Denis\AppData\Local\Temp\"/>
    <property name="line.separator" value="
"/>
    <property name="java.vm.specification.vendor" value="Oracle Corporation"/>
    <property name="user.variant" value=""/>
    <property name="os.name" value="Windows 10"/>
    <property name="classworlds.conf" value="E:/Program Files (x86)/Apache/Maven/apache-maven-3.5.4/bin/m2.conf"/>
    <property name="sun.jnu.encoding" value="Cp1252"/>
    <property name="java.library.path" value="C:\Program Files\Java\jdk1.8.0_151\bin;C:\WINDOWS\Sun\Java\bin;C:\WINDOWS\system32;C:\WINDOWS;C:\Users\Denis\bin;C:\Users\Denis\AppData\Local\Programs\Git\mingw64\bin;C:\Users\Denis\AppData\Local\Programs\Git\usr\local\bin;C:\Users\Denis\AppData\Local\Programs\Git\usr\bin;C:\Users\Denis\AppData\Local\Programs\Git\usr\bin;C:\Users\Denis\AppData\Local\Programs\Git\mingw64\bin;C:\Users\Denis\AppData\Local\Programs\Git\usr\bin;C:\Users\Denis\bin;C:\Program Files (x86)\Razer Chroma SDK\bin;C:\Program Files\Razer Chroma SDK\bin;C:\ProgramData\Oracle\Java\javapath;C:\WINDOWS\system32;C:\WINDOWS;C:\WINDOWS\System32\Wbem;C:\WINDOWS\System32\WindowsPowerShell\v1.0;C:\WINDOWS\System32\OpenSSH;C:\WINDOWS\system32\config\systemprofile\AppData\Local\Microsoft\WindowsApps;C:\Program Files\dotnet;E:\Program Files (x86)\Apache\Maven\apache-maven-3.5.4\bin;C:\Users\Denis\Documents\DHBW\3. Semester\Software Engineering\dev\geckodriver-v0.23.0-win64;C:\Users\Denis\Scripts;C:\Users\Denis;C:\Users\Denis\AppData\Local\Microsoft\WindowsApps;C:\Users\Denis\AppData\Local\Programs\Git\usr\bin\vendor_perl;C:\Users\Denis\AppData\Local\Programs\Git\usr\bin\core_perl;."/>
    <property name="maven.conf" value="E:/Program Files (x86)/Apache/Maven/apache-maven-3.5.4/conf"/>
    <property name="java.specification.name" value="Java Platform API Specification"/>
    <property name="java.class.version" value="52.0"/>
    <property name="sun.management.compiler" value="HotSpot 64-Bit Tiered Compilers"/>
    <property name="os.version" value="10.0"/>
    <property name="library.jansi.path" value="E:/Program Files (x86)/Apache/Maven/apache-maven-3.5.4/lib/jansi-native"/>
    <property name="user.home" value="C:\Users\Denis"/>
    <property name="user.timezone" value="Europe/Berlin"/>
    <property name="java.awt.printerjob" value="sun.awt.windows.WPrinterJob"/>
    <property name="java.specification.version" value="1.8"/>
    <property name="file.encoding" value="Cp1252"/>
    <property name="user.name" value="Denis"/>
    <property name="java.class.path" value="E:/Program Files (x86)/Apache/Maven/apache-maven-3.5.4/boot/plexus-classworlds-2.5.2.jar"/>
    <property name="java.vm.specification.version" value="1.8"/>
    <property name="sun.arch.data.model" value="64"/>
    <property name="java.home" value="C:\Program Files\Java\jdk1.8.0_151\jre"/>
    <property name="sun.java.command" value="org.codehaus.plexus.classworlds.launcher.Launcher test"/>
    <property name="java.specification.vendor" value="Oracle Corporation"/>
    <property name="user.language" value="de"/>
    <property name="awt.toolkit" value="sun.awt.windows.WToolkit"/>
    <property name="java.vm.info" value="mixed mode"/>
    <property name="java.version" value="1.8.0_151"/>
    <property name="java.ext.dirs" value="C:\Program Files\Java\jdk1.8.0_151\jre\lib\ext;C:\WINDOWS\Sun\Java\lib\ext"/>
    <property name="sun.boot.class.path" value="C:\Program Files\Java\jdk1.8.0_151\jre\lib\resources.jar;C:\Program Files\Java\jdk1.8.0_151\jre\lib\rt.jar;C:\Program Files\Java\jdk1.8.0_151\jre\lib\sunrsasign.jar;C:\Program Files\Java\jdk1.8.0_151\jre\lib\jsse.jar;C:\Program Files\Java\jdk1.8.0_151\jre\lib\jce.jar;C:\Program Files\Java\jdk1.8.0_151\jre\lib\charsets.jar;C:\Program Files\Java\jdk1.8.0_151\jre\lib\jfr.jar;C:\Program Files\Java\jdk1.8.0_151\jre\classes"/>
    <property name="java.vendor" value="Oracle Corporation"/>
    <property name="maven.home" value="E:\Program Files (x86)\Apache\Maven\apache-maven-3.5.4"/>
    <property name="file.separator" value="\"/>
    <property name="java.vendor.url.bug" value="http://bugreport.sun.com/bugreport/"/>
    <property name="sun.cpu.endian" value="little"/>
    <property name="sun.io.unicode.encoding" value="UnicodeLittle"/>
    <property name="sun.desktop" value="windows"/>
    <property name="sun.cpu.isalist" value="amd64"/>
  </properties>
  <testcase classname="Is it Friday yet?" name="Sunday isn&apos;t Friday" time="0.004">
    <skipped/>
    <system-out>Feature: Is it Friday yet?
  Everybody wants to know when it&apos;s Friday

  Scenario: Sunday isn&apos;t Friday        &amp;#27;[90m# hellocucumber/is_it_friday_yet.feature:4&amp;#27;[0m
    &amp;#27;[33mGiven &amp;#27;[0m&amp;#27;[33mtoday is Sunday&amp;#27;[0m              &amp;#27;[90m# null&amp;#27;[0m
    &amp;#27;[33mWhen &amp;#27;[0m&amp;#27;[33mI ask whether it&apos;s Friday yet&amp;#27;[0m &amp;#27;[90m# null&amp;#27;[0m
    &amp;#27;[33mThen &amp;#27;[0m&amp;#27;[33mI should be told &quot;Nope&quot;&amp;#27;[0m       &amp;#27;[90m# null&amp;#27;[0m
</system-out>
  </testcase>
  <testcase classname="Is it Friday yet?" name="Sunday isn&apos;t Friday" time="0.004">
    <skipped/>
  </testcase>
  <testcase classname="Is it Friday yet?" name="Sunday isn&apos;t Friday" time="0.004">
    <skipped/>
  </testcase>
</testsuite>